0 info it worked if it ends with ok
1 verbose cli [ 'C:\\Program Files\\nodejs\\node.exe',
1 verbose cli   'C:\\Users\\hasee\\WebstormProjects\\Building-Applications-with-React-and-Redux-in-ES6-2\\node_modules\\npm\\bin\\npm-cli.js',
1 verbose cli   'run-script',
1 verbose cli   'lint:watch' ]
2 info using npm@2.15.12
3 info using node@v8.2.1
4 warn invalid config loglevel="notice"
5 verbose run-script [ 'prelint:watch', 'lint:watch', 'postlint:watch' ]
6 info prelint:watch ps-redux@1.0.0
7 info lint:watch ps-redux@1.0.0
8 verbose unsafe-perm in lifecycle true
9 info ps-redux@1.0.0 Failed to exec lint:watch script
10 verbose stack Error: ps-redux@1.0.0 lint:watch: `npm run lint -- --watch`
10 verbose stack Exit status 1
10 verbose stack     at EventEmitter.<anonymous> (C:\Users\hasee\WebstormProjects\Building-Applications-with-React-and-Redux-in-ES6-2\node_modules\npm\lib\utils\lifecycle.js:217:16)
10 verbose stack     at emitTwo (events.js:125:13)
10 verbose stack     at EventEmitter.emit (events.js:213:7)
10 verbose stack     at ChildProcess.<anonymous> (C:\Users\hasee\WebstormProjects\Building-Applications-with-React-and-Redux-in-ES6-2\node_modules\npm\lib\utils\spawn.js:24:14)
10 verbose stack     at emitTwo (events.js:125:13)
10 verbose stack     at ChildProcess.emit (events.js:213:7)
10 verbose stack     at maybeClose (internal/child_process.js:921:16)
10 verbose stack     at Process.ChildProcess._handle.onexit (internal/child_process.js:211:5)
11 verbose pkgid ps-redux@1.0.0
12 verbose cwd C:\Users\hasee\WebstormProjects\Building-Applications-with-React-and-Redux-in-ES6-2
13 error Windows_NT 6.1.7601
14 error argv "C:\\Program Files\\nodejs\\node.exe" "C:\\Users\\hasee\\WebstormProjects\\Building-Applications-with-React-and-Redux-in-ES6-2\\node_modules\\npm\\bin\\npm-cli.js" "run-script" "lint:watch"
15 error node v8.2.1
16 error npm  v2.15.12
17 error code ELIFECYCLE
18 error ps-redux@1.0.0 lint:watch: `npm run lint -- --watch`
18 error Exit status 1
19 error Failed at the ps-redux@1.0.0 lint:watch script 'npm run lint -- --watch'.
19 error This is most likely a problem with the ps-redux package,
19 error not with npm itself.
19 error Tell the author that this fails on your system:
19 error     npm run lint -- --watch
19 error You can get information on how to open an issue for this project with:
19 error     npm bugs ps-redux
19 error Or if that isn't available, you can get their info via:
19 error
19 error     npm owner ls ps-redux
19 error There is likely additional logging output above.
20 verbose exit [ 1, true ]
